This is pdfTeX, Version 3.141592653-2.6-1.40.28 (MiKTeX 25.12) (preloaded format=pdflatex 2026.1.14)  1 MAR 2026 14:30
entering extended mode
 restricted \write18 enabled.
 file:line:error style messages enabled.
 %&-line parsing enabled.
**"f:/Degree/Academic Folders/Semester 7/7205 Compurt Vision/Assignment/Assessment 01 Mine/Latex Code/main.tex"
(f:/Degree/Academic Folders/Semester 7/7205 Compurt Vision/Assignment/Assessment 01 Mine/Latex Code/main.tex
LaTeX2e <2025-11-01>
L3 programming layer <2025-12-24>
(C:\Users\A S H F A K\AppData\Local\Programs\MiKTeX\tex/latex/base\article.cls
Document Class: article 2025/01/22 v1.4n Standard LaTeX document class
(C:\Users\A S H F A K\AppData\Local\Programs\MiKTeX\tex/latex/base\size12.clo
File: size12.clo 2025/01/22 v1.4n Standard LaTeX file (size option)
)
\c@part=\count275
\c@section=\count276
\c@subsection=\count277
\c@subsubsection=\count278
\c@paragraph=\count279
\c@subparagraph=\count280
\c@figure=\count281
\c@table=\count282
\abovecaptionskip=\skip49
\belowcaptionskip=\skip50
\bibindent=\dimen148
) (C:\Users\A S H F A K\AppData\Local\Programs\MiKTeX\tex/latex/graphics\graphicx.sty
Package: graphicx 2024/12/31 v1.2e Enhanced LaTeX Graphics (DPC,SPQR)
 (C:\Users\A S H F A K\AppData\Local\Programs\MiKTeX\tex/latex/graphics\keyval.sty
Package: keyval 2022/05/29 v1.15 key=value parser (DPC)
\KV@toks@=\toks17
) (C:\Users\A S H F A K\AppData\Local\Programs\MiKTeX\tex/latex/graphics\graphics.sty
Package: graphics 2024/08/06 v1.4g Standard LaTeX Graphics (DPC,SPQR)
 (C:\Users\A S H F A K\AppData\Local\Programs\MiKTeX\tex/latex/graphics\trig.sty
Package: trig 2023/12/02 v1.11 sin cos tan (DPC)
) (C:\Users\A S H F A K\AppData\Local\Programs\MiKTeX\tex/latex/graphics-cfg\graphics.cfg
File: graphics.cfg 2016/06/04 v1.11 sample graphics configuration
)
Package graphics Info: Driver file: pdftex.def on input line 106.
 (C:\Users\A S H F A K\AppData\Local\Programs\MiKTeX\tex/latex/graphics-def\pdftex.def
File: pdftex.def 2025/09/29 v1.2d Graphics/color driver for pdftex
))
\Gin@req@height=\dimen149
\Gin@req@width=\dimen150
) (C:\Users\A S H F A K\AppData\Local\Programs\MiKTeX\tex/latex/titlesec\titlesec.sty
Package: titlesec 2025/01/04 v2.17 Sectioning titles
\ttl@box=\box53
\beforetitleunit=\skip51
\aftertitleunit=\skip52
\ttl@plus=\dimen151
\ttl@minus=\dimen152
\ttl@toksa=\toks18
\titlewidth=\dimen153
\titlewidthlast=\dimen154
\titlewidthfirst=\dimen155
) (C:\Users\A S H F A K\AppData\Local\Programs\MiKTeX\tex/latex/setspace\setspace.sty
Package: setspace 2022/12/04 v6.7b set line spacing
) (C:\Users\A S H F A K\AppData\Local\Programs\MiKTeX\tex/latex/geometry\geometry.sty
Package: geometry 2020/01/02 v5.9 Page Geometry
 (C:\Users\A S H F A K\AppData\Local\Programs\MiKTeX\tex/generic/iftex\ifvtex.sty
Package: ifvtex 2019/10/25 v1.7 ifvtex legacy package. Use iftex instead.
 (C:\Users\A S H F A K\AppData\Local\Programs\MiKTeX\tex/generic/iftex\iftex.sty
Package: iftex 2024/12/12 v1.0g TeX engine tests
))
\Gm@cnth=\count283
\Gm@cntv=\count284
\c@Gm@tempcnt=\count285
\Gm@bindingoffset=\dimen156
\Gm@wd@mp=\dimen157
\Gm@odd@mp=\dimen158
\Gm@even@mp=\dimen159
\Gm@layoutwidth=\dimen160
\Gm@layoutheight=\dimen161
\Gm@layouthoffset=\dimen162
\Gm@layoutvoffset=\dimen163
\Gm@dimlist=\toks19
 (C:\Users\A S H F A K\AppData\Local\Programs\MiKTeX\tex/latex/geometry\geometry.cfg)) (C:\Users\A S H F A K\AppData\Local\Programs\MiKTeX\tex/latex/caption\subcaption.sty
Package: subcaption 2023/07/28 v1.6b Sub-captions (AR)
 (C:\Users\A S H F A K\AppData\Local\Programs\MiKTeX\tex/latex/caption\caption.sty
Package: caption 2023/08/05 v3.6o Customizing captions (AR)
 (C:\Users\A S H F A K\AppData\Local\Programs\MiKTeX\tex/latex/caption\caption3.sty
Package: caption3 2023/07/31 v2.4d caption3 kernel (AR)
\caption@tempdima=\dimen164
\captionmargin=\dimen165
\caption@leftmargin=\dimen166
\caption@rightmargin=\dimen167
\caption@width=\dimen168
\caption@indent=\dimen169
\caption@parindent=\dimen170
\caption@hangindent=\dimen171
Package caption Info: Standard document class detected.
)
\c@caption@flags=\count286
\c@continuedfloat=\count287
)
Package caption Info: New subtype `subfigure' on input line 238.
\c@subfigure=\count288
Package caption Info: New subtype `subtable' on input line 238.
\c@subtable=\count289
) (C:\Users\A S H F A K\AppData\Local\Programs\MiKTeX\tex/latex/float\float.sty
Package: float 2001/11/08 v1.3d Float enhancements (AL)
\c@float@type=\count290
\float@exts=\toks20
\float@box=\box54
\@float@everytoks=\toks21
\@floatcapt=\box55
) (C:\Users\A S H F A K\AppData\Local\Programs\MiKTeX\tex/latex/listings\listings.sty
\lst@mode=\count291
\lst@gtempboxa=\box56
\lst@token=\toks22
\lst@length=\count292
\lst@currlwidth=\dimen172
\lst@column=\count293
\lst@pos=\count294
\lst@lostspace=\dimen173
\lst@width=\dimen174
\lst@newlines=\count295
\lst@lineno=\count296
\lst@maxwidth=\dimen175
 (C:\Users\A S H F A K\AppData\Local\Programs\MiKTeX\tex/latex/listings\lstpatch.sty
File: lstpatch.sty 2025/11/14 1.11b (Carsten Heinz)
) (C:\Users\A S H F A K\AppData\Local\Programs\MiKTeX\tex/latex/listings\lstmisc.sty
File: lstmisc.sty 2025/11/14 1.11b (Carsten Heinz)
\c@lstnumber=\count297
\lst@skipnumbers=\count298
\lst@framebox=\box57
) (C:\Users\A S H F A K\AppData\Local\Programs\MiKTeX\tex/latex/listings\listings.cfg
File: listings.cfg 2025/11/14 1.11b listings configuration
))
Package: listings 2025/11/14 1.11b (Carsten Heinz)

==> First Aid for listings.sty no longer applied!
    Expected:
        2024/09/23 1.10c (Carsten Heinz)
    but found:
        2025/11/14 1.11b (Carsten Heinz)
    so I'm assuming it got fixed.
(C:\Users\A S H F A K\AppData\Local\Programs\MiKTeX\tex/latex/hyperref\hyperref.sty
Package: hyperref 2025-07-12 v7.01o Hypertext links for LaTeX
 (C:\Users\A S H F A K\AppData\Local\Programs\MiKTeX\tex/latex/kvsetkeys\kvsetkeys.sty
Package: kvsetkeys 2022-10-05 v1.19 Key value parser (HO)
) (C:\Users\A S H F A K\AppData\Local\Programs\MiKTeX\tex/generic/kvdefinekeys\kvdefinekeys.sty
Package: kvdefinekeys 2019-12-19 v1.6 Define keys (HO)
) (C:\Users\A S H F A K\AppData\Local\Programs\MiKTeX\tex/generic/pdfescape\pdfescape.sty
Package: pdfescape 2019/12/09 v1.15 Implements pdfTeX's escape features (HO)
 (C:\Users\A S H F A K\AppData\Local\Programs\MiKTeX\tex/generic/ltxcmds\ltxcmds.sty
Package: ltxcmds 2023-12-04 v1.26 LaTeX kernel commands for general use (HO)
) (C:\Users\A S H F A K\AppData\Local\Programs\MiKTeX\tex/generic/pdftexcmds\pdftexcmds.sty
Package: pdftexcmds 2020-06-27 v0.33 Utility functions of pdfTeX for LuaTeX (HO)
 (C:\Users\A S H F A K\AppData\Local\Programs\MiKTeX\tex/generic/infwarerr\infwarerr.sty
Package: infwarerr 2019/12/03 v1.5 Providing info/warning/error messages (HO)
)
Package pdftexcmds Info: \pdf@primitive is available.
Package pdftexcmds Info: \pdf@ifprimitive is available.
Package pdftexcmds Info: \pdfdraftmode found.
)) (C:\Users\A S H F A K\AppData\Local\Programs\MiKTeX\tex/latex/hycolor\hycolor.sty
Package: hycolor 2020-01-27 v1.10 Color options for hyperref/bookmark (HO)
) (C:\Users\A S H F A K\AppData\Local\Programs\MiKTeX\tex/latex/hyperref\nameref.sty
Package: nameref 2025-06-21 v2.57 Cross-referencing by name of section
 (C:\Users\A S H F A K\AppData\Local\Programs\MiKTeX\tex/latex/refcount\refcount.sty
Package: refcount 2019/12/15 v3.6 Data extraction from label references (HO)
) (C:\Users\A S H F A K\AppData\Local\Programs\MiKTeX\tex/generic/gettitlestring\gettitlestring.sty
Package: gettitlestring 2019/12/15 v1.6 Cleanup title references (HO)
 (C:\Users\A S H F A K\AppData\Local\Programs\MiKTeX\tex/latex/kvoptions\kvoptions.sty
Package: kvoptions 2022-06-15 v3.15 Key value format for package options (HO)
))
\c@section@level=\count299
) (C:\Users\A S H F A K\AppData\Local\Programs\MiKTeX\tex/latex/etoolbox\etoolbox.sty
Package: etoolbox 2025/10/02 v2.5m e-TeX tools for LaTeX (JAW)
\etb@tempcnta=\count300
) (C:\Users\A S H F A K\AppData\Local\Programs\MiKTeX\tex/generic/stringenc\stringenc.sty
Package: stringenc 2019/11/29 v1.12 Convert strings between diff. encodings (HO)
)
\@linkdim=\dimen176
\Hy@linkcounter=\count301
\Hy@pagecounter=\count302
 (C:\Users\A S H F A K\AppData\Local\Programs\MiKTeX\tex/latex/hyperref\pd1enc.def
File: pd1enc.def 2025-07-12 v7.01o Hyperref: PDFDocEncoding definition (HO)
Now handling font encoding PD1 ...
... no UTF-8 mapping file for font encoding PD1
) (C:\Users\A S H F A K\AppData\Local\Programs\MiKTeX\tex/generic/intcalc\intcalc.sty
Package: intcalc 2019/12/15 v1.3 Expandable calculations with integers (HO)
)
\Hy@SavedSpaceFactor=\count303
 (C:\Users\A S H F A K\AppData\Local\Programs\MiKTeX\tex/latex/hyperref\puenc.def
File: puenc.def 2025-07-12 v7.01o Hyperref: PDF Unicode definition (HO)
Now handling font encoding PU ...
... no UTF-8 mapping file for font encoding PU
)
Package hyperref Info: Option `colorlinks' set `true' on input line 4066.
Package hyperref Info: Hyper figures OFF on input line 4195.
Package hyperref Info: Link nesting OFF on input line 4200.
Package hyperref Info: Hyper index ON on input line 4203.
Package hyperref Info: Plain pages OFF on input line 4210.
Package hyperref Info: Backreferencing OFF on input line 4215.
Package hyperref Info: Implicit mode ON; LaTeX internals redefined.
Package hyperref Info: Bookmarks ON on input line 4462.
\c@Hy@tempcnt=\count304
 (C:\Users\A S H F A K\AppData\Local\Programs\MiKTeX\tex/latex/url\url.sty
\Urlmuskip=\muskip17
Package: url 2013/09/16  ver 3.4  Verb mode for urls, etc.
)
LaTeX Info: Redefining \url on input line 4801.
\XeTeXLinkMargin=\dimen177
 (C:\Users\A S H F A K\AppData\Local\Programs\MiKTeX\tex/generic/bitset\bitset.sty
Package: bitset 2019/12/09 v1.3 Handle bit-vector datatype (HO)
 (C:\Users\A S H F A K\AppData\Local\Programs\MiKTeX\tex/generic/bigintcalc\bigintcalc.sty
Package: bigintcalc 2019/12/15 v1.5 Expandable calculations on big integers (HO)
))
\Fld@menulength=\count305
\Field@Width=\dimen178
\Fld@charsize=\dimen179
Package hyperref Info: Hyper figures OFF on input line 6078.
Package hyperref Info: Link nesting OFF on input line 6083.
Package hyperref Info: Hyper index ON on input line 6086.
Package hyperref Info: backreferencing OFF on input line 6093.
Package hyperref Info: Link coloring ON on input line 6096.
Package hyperref Info: Link coloring with OCG OFF on input line 6103.
Package hyperref Info: PDF/A mode OFF on input line 6108.
\Hy@abspage=\count306
\c@Item=\count307
\c@Hfootnote=\count308
)
Package hyperref Info: Driver (autodetected): hpdftex.
 (C:\Users\A S H F A K\AppData\Local\Programs\MiKTeX\tex/latex/hyperref\hpdftex.def
File: hpdftex.def 2025-07-12 v7.01o Hyperref driver for pdfTeX
\Fld@listcount=\count309
\c@bookmark@seq@number=\count310
 (C:\Users\A S H F A K\AppData\Local\Programs\MiKTeX\tex/latex/rerunfilecheck\rerunfilecheck.sty
Package: rerunfilecheck 2025-06-21 v1.11 Rerun checks for auxiliary files (HO)
 (C:\Users\A S H F A K\AppData\Local\Programs\MiKTeX\tex/generic/uniquecounter\uniquecounter.sty
Package: uniquecounter 2019/12/15 v1.4 Provide unlimited unique counter (HO)
)
Package uniquecounter Info: New unique counter `rerunfilecheck' on input line 284.
)
\Hy@SectionHShift=\skip53
) (C:\Users\A S H F A K\AppData\Local\Programs\MiKTeX\tex/latex/l3backend\l3backend-pdftex.def
File: l3backend-pdftex.def 2025-10-09 L3 backend support: PDF output (pdfTeX)
\l__color_backend_stack_int=\count311
) (main.aux)
\openout1 = `main.aux'.

LaTeX Font Info:    Checking defaults for OML/cmm/m/it on input line 31.
LaTeX Font Info:    ... okay on input line 31.
LaTeX Font Info:    Checking defaults for OMS/cmsy/m/n on input line 31.
LaTeX Font Info:    ... okay on input line 31.
LaTeX Font Info:    Checking defaults for OT1/cmr/m/n on input line 31.
LaTeX Font Info:    ... okay on input line 31.
LaTeX Font Info:    Checking defaults for T1/cmr/m/n on input line 31.
LaTeX Font Info:    ... okay on input line 31.
LaTeX Font Info:    Checking defaults for TS1/cmr/m/n on input line 31.
LaTeX Font Info:    ... okay on input line 31.
LaTeX Font Info:    Checking defaults for OMX/cmex/m/n on input line 31.
LaTeX Font Info:    ... okay on input line 31.
LaTeX Font Info:    Checking defaults for U/cmr/m/n on input line 31.
LaTeX Font Info:    ... okay on input line 31.
LaTeX Font Info:    Checking defaults for PD1/pdf/m/n on input line 31.
LaTeX Font Info:    ... okay on input line 31.
LaTeX Font Info:    Checking defaults for PU/pdf/m/n on input line 31.
LaTeX Font Info:    ... okay on input line 31.
 (C:\Users\A S H F A K\AppData\Local\Programs\MiKTeX\tex/context/base/mkii\supp-pdf.mkii
[Loading MPS to PDF converter (version 2006.09.02).]
\scratchcounter=\count312
\scratchdimen=\dimen180
\scratchbox=\box58
\nofMPsegments=\count313
\nofMParguments=\count314
\everyMPshowfont=\toks23
\MPscratchCnt=\count315
\MPscratchDim=\dimen181
\MPnumerator=\count316
\makeMPintoPDFobject=\count317
\everyMPtoPDFconversion=\toks24
) (C:\Users\A S H F A K\AppData\Local\Programs\MiKTeX\tex/latex/epstopdf-pkg\epstopdf-base.sty
Package: epstopdf-base 2020-01-24 v2.11 Base part for package epstopdf
Package epstopdf-base Info: Redefining graphics rule for `.eps' on input line 485.
 (C:\Users\A S H F A K\AppData\Local\Programs\MiKTeX\tex/latex/00miktex\epstopdf-sys.cfg
File: epstopdf-sys.cfg 2021/03/18 v2.0 Configuration of epstopdf for MiKTeX
))
*geometry* driver: auto-detecting
*geometry* detected driver: pdftex
*geometry* verbose mode - [ preamble ] result:
* driver: pdftex
* paper: a4paper
* layout: <same size as paper>
* layoutoffset:(h,v)=(0.0pt,0.0pt)
* modes: 
* h-part:(L,W,R)=(72.26999pt, 452.9679pt, 72.26999pt)
* v-part:(T,H,B)=(72.26999pt, 700.50687pt, 72.26999pt)
* \paperwidth=597.50787pt
* \paperheight=845.04684pt
* \textwidth=452.9679pt
* \textheight=700.50687pt
* \oddsidemargin=0.0pt
* \evensidemargin=0.0pt
* \topmargin=-37.0pt
* \headheight=12.0pt
* \headsep=25.0pt
* \topskip=12.0pt
* \footskip=30.0pt
* \marginparwidth=35.0pt
* \marginparsep=10.0pt
* \columnsep=10.0pt
* \skip\footins=10.8pt plus 4.0pt minus 2.0pt
* \hoffset=0.0pt
* \voffset=0.0pt
* \mag=1000
* \@twocolumnfalse
* \@twosidefalse
* \@mparswitchfalse
* \@reversemarginfalse
* (1in=72.27pt=25.4mm, 1cm=28.453pt)

Package caption Info: Begin \AtBeginDocument code.
Package caption Info: float package is loaded.
Package caption Info: hyperref package is loaded.
Package caption Info: listings package is loaded.
Package caption Info: End \AtBeginDocument code.
\c@lstlisting=\count318
(C:\Users\A S H F A K\AppData\Local\Programs\MiKTeX\tex/latex/graphics\color.sty
Package: color 2025/01/14 v1.3e Standard LaTeX Color (DPC)
 (C:\Users\A S H F A K\AppData\Local\Programs\MiKTeX\tex/latex/graphics-cfg\color.cfg
File: color.cfg 2016/01/02 v1.6 sample color configuration
)
Package color Info: Driver file: pdftex.def on input line 149.
 (C:\Users\A S H F A K\AppData\Local\Programs\MiKTeX\tex/latex/graphics\mathcolor.ltx))
Package hyperref Info: Link coloring ON on input line 31.
 (main.out) (main.out)
\@outlinefile=\write3
\openout3 = `main.out'.

<Logo.jpeg, id=79, 192.72pt x 263.98625pt>
File: Logo.jpeg Graphic file (type jpg)
<use Logo.jpeg>
Package pdftex.def Info: Logo.jpeg  used on input line 36.
(pdftex.def)             Requested size: 85.35826pt x 116.91963pt.
 [1

{C:/Users/A S H F A K/AppData/Local/MiKTeX/fonts/map/pdftex/pdftex.map} <./Logo.jpeg>] (main.toc
LaTeX Font Info:    External font `cmex10' loaded for size
(Font)              <12> on input line 3.
LaTeX Font Info:    External font `cmex10' loaded for size
(Font)              <8> on input line 3.
LaTeX Font Info:    External font `cmex10' loaded for size
(Font)              <6> on input line 3.
)
\tf@toc=\write4
\openout4 = `main.toc'.


pdfTeX warning (ext4): destination with the same identifier (name{page.1}) has been already used, duplicate ignored
<to be read again> 
                   \relax 
l.60 \clearpage
                [1

] [2

] (C:\Users\A S H F A K\AppData\Local\Programs\MiKTeX\tex/latex/listings\lstlang1.sty
File: lstlang1.sty 2025/11/14 1.11b listings language file
)
Package hyperref Info: bookmark level for unknown lstlisting defaults to 0 on input line 102.
 (../Codes/EG_2021_4417_Q1.py
LaTeX Font Info:    Font shape `OT1/cmtt/bx/n' in size <10.95> not available
(Font)              Font shape `OT1/cmtt/m/n' tried instead on input line 1.
) [3]
<../Images/Image_1.jpg, id=160, 627.34375pt x 351.3125pt>
File: ../Images/Image_1.jpg Graphic file (type jpg)
<use ../Images/Image_1.jpg>
Package pdftex.def Info: ../Images/Image_1.jpg  used on input line 109.
(pdftex.def)             Requested size: 135.89174pt x 76.09892pt.
<../Outputs/Q1/Image_1_avg_3x3.png, id=161, 627.34375pt x 351.3125pt>
File: ../Outputs/Q1/Image_1_avg_3x3.png Graphic file (type png)
<use ../Outputs/Q1/Image_1_avg_3x3.png>
Package pdftex.def Info: ../Outputs/Q1/Image_1_avg_3x3.png  used on input line 116.
(pdftex.def)             Requested size: 135.89174pt x 76.09892pt.
LaTeX Font Info:    External font `cmex10' loaded for size
(Font)              <10.95> on input line 117.
<../Outputs/Q1/Image_1_avg_5x5.png, id=162, 627.34375pt x 351.3125pt>
File: ../Outputs/Q1/Image_1_avg_5x5.png Graphic file (type png)
<use ../Outputs/Q1/Image_1_avg_5x5.png>
Package pdftex.def Info: ../Outputs/Q1/Image_1_avg_5x5.png  used on input line 123.
(pdftex.def)             Requested size: 135.89174pt x 76.09892pt.
<../Outputs/Q1/Image_1_avg_11x11.png, id=163, 627.34375pt x 351.3125pt>
File: ../Outputs/Q1/Image_1_avg_11x11.png Graphic file (type png)
<use ../Outputs/Q1/Image_1_avg_11x11.png>
Package pdftex.def Info: ../Outputs/Q1/Image_1_avg_11x11.png  used on input line 132.
(pdftex.def)             Requested size: 135.89174pt x 76.09892pt.
<../Outputs/Q1/Image_1_avg_15x15.png, id=164, 627.34375pt x 351.3125pt>
File: ../Outputs/Q1/Image_1_avg_15x15.png Graphic file (type png)
<use ../Outputs/Q1/Image_1_avg_15x15.png>
Package pdftex.def Info: ../Outputs/Q1/Image_1_avg_15x15.png  used on input line 139.
(pdftex.def)             Requested size: 135.89174pt x 76.09892pt.
 (../Codes/EG_2021_4417_Q2.py [4 <../Images/Image_1.jpg> <../Outputs/Q1/Image_1_avg_3x3.png (PNG copy)> <../Outputs/Q1/Image_1_avg_5x5.png (PNG copy)> <../Outputs/Q1/Image_1_avg_11x11.png (PNG copy)> <../Outputs/Q1/Image_1_avg_15x15.png (PNG copy)>] [5] [6])
<../Images/Image_2.jpg, id=276, 3854.4pt x 2168.1pt>
File: ../Images/Image_2.jpg Graphic file (type jpg)
<use ../Images/Image_2.jpg>
Package pdftex.def Info: ../Images/Image_2.jpg  used on input line 163.
(pdftex.def)             Requested size: 144.95303pt x 81.51527pt.
<../Outputs/Q2/Image_2_salt_pepper_10pct.png, id=277, 3854.4pt x 2168.1pt>
File: ../Outputs/Q2/Image_2_salt_pepper_10pct.png Graphic file (type png)
<use ../Outputs/Q2/Image_2_salt_pepper_10pct.png>
Package pdftex.def Info: ../Outputs/Q2/Image_2_salt_pepper_10pct.png  used on input line 170.
(pdftex.def)             Requested size: 144.95303pt x 81.51527pt.
<../Outputs/Q2/Image_2_salt_pepper_20pct.png, id=278, 3854.4pt x 2168.1pt>
File: ../Outputs/Q2/Image_2_salt_pepper_20pct.png Graphic file (type png)
<use ../Outputs/Q2/Image_2_salt_pepper_20pct.png>
Package pdftex.def Info: ../Outputs/Q2/Image_2_salt_pepper_20pct.png  used on input line 177.
(pdftex.def)             Requested size: 144.95303pt x 81.51527pt.
<../Outputs/Q2/Image_2_salt_pepper_10pct_median_3x3.png, id=279, 3854.4pt x 2168.1pt>
File: ../Outputs/Q2/Image_2_salt_pepper_10pct_median_3x3.png Graphic file (type png)
<use ../Outputs/Q2/Image_2_salt_pepper_10pct_median_3x3.png>
Package pdftex.def Info: ../Outputs/Q2/Image_2_salt_pepper_10pct_median_3x3.png  used on input line 189.
(pdftex.def)             Requested size: 144.95303pt x 81.51527pt.
<../Outputs/Q2/Image_2_salt_pepper_10pct_median_5x5.png, id=280, 3854.4pt x 2168.1pt>
File: ../Outputs/Q2/Image_2_salt_pepper_10pct_median_5x5.png Graphic file (type png)
<use ../Outputs/Q2/Image_2_salt_pepper_10pct_median_5x5.png>
Package pdftex.def Info: ../Outputs/Q2/Image_2_salt_pepper_10pct_median_5x5.png  used on input line 196.
(pdftex.def)             Requested size: 144.95303pt x 81.51527pt.
<../Outputs/Q2/Image_2_salt_pepper_10pct_median_11x11.png, id=281, 3854.4pt x 2168.1pt>
File: ../Outputs/Q2/Image_2_salt_pepper_10pct_median_11x11.png Graphic file (type png)
<use ../Outputs/Q2/Image_2_salt_pepper_10pct_median_11x11.png>
Package pdftex.def Info: ../Outputs/Q2/Image_2_salt_pepper_10pct_median_11x11.png  used on input line 203.
(pdftex.def)             Requested size: 144.95303pt x 81.51527pt.
<../Outputs/Q2/Image_2_salt_pepper_20pct_median_3x3.png, id=282, 3854.4pt x 2168.1pt>
File: ../Outputs/Q2/Image_2_salt_pepper_20pct_median_3x3.png Graphic file (type png)
<use ../Outputs/Q2/Image_2_salt_pepper_20pct_median_3x3.png>
Package pdftex.def Info: ../Outputs/Q2/Image_2_salt_pepper_20pct_median_3x3.png  used on input line 212.
(pdftex.def)             Requested size: 144.95303pt x 81.51527pt.
<../Outputs/Q2/Image_2_salt_pepper_20pct_median_5x5.png, id=283, 3854.4pt x 2168.1pt>
File: ../Outputs/Q2/Image_2_salt_pepper_20pct_median_5x5.png Graphic file (type png)
<use ../Outputs/Q2/Image_2_salt_pepper_20pct_median_5x5.png>
Package pdftex.def Info: ../Outputs/Q2/Image_2_salt_pepper_20pct_median_5x5.png  used on input line 219.
(pdftex.def)             Requested size: 144.95303pt x 81.51527pt.
<../Outputs/Q2/Image_2_salt_pepper_20pct_median_11x11.png, id=284, 3854.4pt x 2168.1pt>
File: ../Outputs/Q2/Image_2_salt_pepper_20pct_median_11x11.png Graphic file (type png)
<use ../Outputs/Q2/Image_2_salt_pepper_20pct_median_11x11.png>
Package pdftex.def Info: ../Outputs/Q2/Image_2_salt_pepper_20pct_median_11x11.png  used on input line 226.
(pdftex.def)             Requested size: 144.95303pt x 81.51527pt.
 [7 <../Images/Image_2.jpg> <../Outputs/Q2/Image_2_salt_pepper_10pct.png (PNG copy)> <../Outputs/Q2/Image_2_salt_pepper_20pct.png (PNG copy)> <../Outputs/Q2/Image_2_salt_pepper_10pct_median_3x3.png (PNG copy)> <../Outputs/Q2/Image_2_salt_pepper_10pct_median_5x5.png (PNG copy)> <../Outputs/Q2/Image_2_salt_pepper_10pct_median_11x11.png (PNG copy)> <../Outputs/Q2/Image_2_salt_pepper_20pct_median_3x3.png (PNG copy)> <../Outputs/Q2/Image_2_salt_pepper_20pct_median_5x5.png (PNG copy)> <../Outputs/Q2/Image_2_salt_pepper_20pct_median_11x11.png (PNG copy)>] [8]
<01_Original.png, id=312, 231.86626pt x 259.7203pt>
File: 01_Original.png Graphic file (type png)
<use 01_Original.png>
Package pdftex.def Info: 01_Original.png  used on input line 276.
(pdftex.def)             Requested size: 317.07614pt x 355.19644pt.
 [9 <./01_Original.png>] [10]
File: 01_Original.png Graphic file (type png)
<use 01_Original.png>
Package pdftex.def Info: 01_Original.png  used on input line 301.
(pdftex.def)             Requested size: 126.83044pt x 142.06985pt.
File: 01_Original.png Graphic file (type png)
<use 01_Original.png>
Package pdftex.def Info: 01_Original.png  used on input line 302.
(pdftex.def)             Requested size: 126.83044pt x 142.06985pt.
File: 01_Original.png Graphic file (type png)
<use 01_Original.png>
Package pdftex.def Info: 01_Original.png  used on input line 303.
(pdftex.def)             Requested size: 126.83044pt x 142.06985pt.
 [11] [12] (main.bbl

LaTeX Warning: Empty `thebibliography' environment on input line 3.

) [13] (main.aux)
 ***********
LaTeX2e <2025-11-01>
L3 programming layer <2025-12-24>
 ***********
Package rerunfilecheck Info: File `main.out' has not changed.
(rerunfilecheck)             Checksum: 729C81CA979F00166DF358D2FE0B7FF5;2723.
 ) 
Here is how much of TeX's memory you used:
 12977 strings out of 467871
 209041 string characters out of 5415436
 1072403 words of memory out of 5000000
 41549 multiletter control sequences out of 15000+600000
 634002 words of font info for 62 fonts, out of 8000000 for 9000
 1141 hyphenation exceptions out of 8191
 75i,12n,79p,621b,2096s stack positions out of 10000i,1000n,20000p,200000b,200000s
<C:/Users/A S H F A K/AppData/Local/Programs/MiKTeX/fonts/type1/public/amsfonts/cm/cmbx12.pfb><C:/Users/A S H F A K/AppData/Local/Programs/MiKTeX/fonts/type1/public/amsfonts/cm/cmitt10.pfb><C:/Users/A S H F A K/AppData/Local/Programs/MiKTeX/fonts/type1/public/amsfonts/cm/cmr10.pfb><C:/Users/A S H F A K/AppData/Local/Programs/MiKTeX/fonts/type1/public/amsfonts/cm/cmr12.pfb><C:/Users/A S H F A K/AppData/Local/Programs/MiKTeX/fonts/type1/public/amsfonts/cm/cmr6.pfb><C:/Users/A S H F A K/AppData/Local/Programs/MiKTeX/fonts/type1/public/amsfonts/cm/cmsy10.pfb><C:/Users/A S H F A K/AppData/Local/Programs/MiKTeX/fonts/type1/public/amsfonts/cm/cmtt10.pfb><C:/Users/A S H F A K/AppData/Local/Programs/MiKTeX/fonts/type1/public/amsfonts/cm/cmtt12.pfb>
Output written on main.pdf (14 pages, 96399666 bytes).
PDF statistics:
 414 PDF objects out of 1000 (max. 8388607)
 178 named destinations out of 1000 (max. 500000)
 233 words of extra memory for PDF output out of 10000 (max. 10000000)

